<?xml version="1.0" encoding="UTF-8"?>
<!-- Generated by org.testng.reporters.JUnitXMLReporter -->
<testsuite ignored="0" hostname="DESKTOP-MT8P8LQ" failures="0" tests="3" name="Default test" time="26.821" errors="0" timestamp="2026-02-03T14:13:31 IST">
  <testcase classname="com.qa.testCases.login.LoginTest" name="loginWithInvalidCredentials" time="2.756"/>
  <testcase classname="com.qa.testCases.login.LoginTest" name="loginWithValidCredentials" time="3.059"/>
  <testcase classname="com.qa.testCases.login.LoginTest" name="loginWithoutCredentials" time="1.406"/>
</testsuite> <!-- Default test -->
