<?xml version="1.0" encoding="UTF-8"?>
<testng-results ignored="0" total="3" passed="3" failed="0" skipped="0">
  <reporter-output>
  </reporter-output>
  <suite started-at="2026-02-03T14:13:04 IST" name="Default suite" finished-at="2026-02-03T14:13:31 IST" duration-ms="26821">
    <groups>
    </groups>
    <test started-at="2026-02-03T14:13:04 IST" name="Default test" finished-at="2026-02-03T14:13:31 IST" duration-ms="26821">
      <class name="com.qa.testCases.login.LoginTest">
        <test-method is-config="true" signature="setup()[pri:0, instance:com.qa.testCases.login.LoginTest@34a3d150]" started-at="2026-02-03T14:13:04 IST" name="setup" finished-at="2026-02-03T14:13:14 IST" duration-ms="9819" status="PASS">
          <reporter-output>
          </reporter-output>
        </test-method> <!-- setup -->
        <test-method signature="loginWithInvalidCredentials()[pri:0, instance:com.qa.testCases.login.LoginTest@34a3d150]" started-at="2026-02-03T14:13:14 IST" name="loginWithInvalidCredentials" finished-at="2026-02-03T14:13:17 IST" duration-ms="2756" status="PASS">
          <reporter-output>
          </reporter-output>
        </test-method> <!-- loginWithInvalidCredentials -->
        <test-method is-config="true" signature="setup()[pri:0, instance:com.qa.testCases.login.LoginTest@34a3d150]" started-at="2026-02-03T14:13:17 IST" name="setup" finished-at="2026-02-03T14:13:21 IST" duration-ms="4728" status="PASS">
          <reporter-output>
          </reporter-output>
        </test-method> <!-- setup -->
        <test-method signature="loginWithValidCredentials()[pri:0, instance:com.qa.testCases.login.LoginTest@34a3d150]" started-at="2026-02-03T14:13:21 IST" name="loginWithValidCredentials" finished-at="2026-02-03T14:13:25 IST" duration-ms="3059" status="PASS">
          <reporter-output>
          </reporter-output>
        </test-method> <!-- loginWithValidCredentials -->
        <test-method is-config="true" signature="setup()[pri:0, instance:com.qa.testCases.login.LoginTest@34a3d150]" started-at="2026-02-03T14:13:25 IST" name="setup" finished-at="2026-02-03T14:13:29 IST" duration-ms="4887" status="PASS">
          <reporter-output>
          </reporter-output>
        </test-method> <!-- setup -->
        <test-method signature="loginWithoutCredentials()[pri:0, instance:com.qa.testCases.login.LoginTest@34a3d150]" started-at="2026-02-03T14:13:29 IST" name="loginWithoutCredentials" finished-at="2026-02-03T14:13:31 IST" duration-ms="1406" status="PASS">
          <reporter-output>
          </reporter-output>
        </test-method> <!-- loginWithoutCredentials -->
      </class> <!-- com.qa.testCases.login.LoginTest -->
    </test> <!-- Default test -->
  </suite> <!-- Default suite -->
</testng-results>
