<?xml version="1.0" encoding="UTF-8"?>
<testng-results ignored="0" total="1" passed="1" failed="0" skipped="0">
  <reporter-output>
  </reporter-output>
  <suite started-at="2026-02-03T14:56:07 IST" name="Default suite" finished-at="2026-02-03T14:56:17 IST" duration-ms="10015">
    <groups>
    </groups>
    <test started-at="2026-02-03T14:56:07 IST" name="Default test" finished-at="2026-02-03T14:56:17 IST" duration-ms="10015">
      <class name="com.qa.SdetCode.Sdet0_10">
        <test-method is-config="true" signature="setup()[pri:0, instance:com.qa.SdetCode.Sdet0_10@5c6648b0]" started-at="2026-02-03T14:56:07 IST" name="setup" finished-at="2026-02-03T14:56:17 IST" duration-ms="9854" status="PASS">
          <reporter-output>
          </reporter-output>
        </test-method> <!-- setup -->
        <test-method signature="Sdet01()[pri:0, instance:com.qa.SdetCode.Sdet0_10@5c6648b0]" started-at="2026-02-03T14:56:17 IST" name="Sdet01" finished-at="2026-02-03T14:56:17 IST" duration-ms="37" status="PASS">
          <reporter-output>
          </reporter-output>
        </test-method> <!-- Sdet01 -->
      </class> <!-- com.qa.SdetCode.Sdet0_10 -->
    </test> <!-- Default test -->
  </suite> <!-- Default suite -->
</testng-results>
