<?xml version="1.0" encoding="UTF-8"?>
<!-- Generated by org.testng.reporters.JUnitReportReporter -->
<testsuite hostname="DESKTOP-MT8P8LQ" failures="0" tests="3" name="com.qa.testCases.login.LoginTest" time="26.655" errors="0" timestamp="2026-02-03T14:13:31 IST" skipped="0">
  <testcase classname="com.qa.testCases.login.LoginTest" name="loginWithoutCredentials" time="11.225"/>
  <testcase classname="com.qa.testCases.login.LoginTest" name="loginWithValidCredentials" time="7.787"/>
  <testcase classname="com.qa.testCases.login.LoginTest" name="loginWithInvalidCredentials" time="7.643"/>
</testsuite> <!-- com.qa.testCases.login.LoginTest -->
